<?xml version="1.0" encoding="UTF-8"?>
<coverage generated="1722830687253" clover="3.2.0">
  <project timestamp="1722830687254" name="All files">
    <metrics statements="143" coveredstatements="123" conditionals="22" coveredconditionals="18" methods="63" coveredmethods="50" elements="228" coveredelements="191" complexity="0" loc="143" ncloc="143" packages="3" files="19" classes="19"/>
    <package name="components">
      <metrics statements="105" coveredstatements="96" conditionals="22" coveredconditionals="18" methods="49" coveredmethods="42"/>
      <file name="Body.js" path="C:\Users\ayno5\OneDrive\Documents\TailwindProject\src\components\Body.js">
        <metrics statements="26" coveredstatements="26" conditionals="4" coveredconditionals="4" methods="11" coveredmethods="11"/>
        <line num="8" count="1" type="stmt"/>
        <line num="9" count="15" type="stmt"/>
        <line num="11" count="15" type="stmt"/>
        <line num="12" count="15" type="stmt"/>
        <line num="13" count="15" type="stmt"/>
        <line num="15" count="15" type="stmt"/>
        <line num="16" count="6" type="stmt"/>
        <line num="18" count="15" type="stmt"/>
        <line num="19" count="20" type="stmt"/>
        <line num="21" count="15" type="stmt"/>
        <line num="22" count="1" type="stmt"/>
        <line num="23" count="20" type="stmt"/>
        <line num="26" count="15" type="stmt"/>
        <line num="27" count="6" type="stmt"/>
        <line num="30" count="6" type="stmt"/>
        <line num="34" count="6" type="stmt"/>
        <line num="38" count="15" type="stmt"/>
        <line num="39" count="15" type="cond" truecount="2" falsecount="0"/>
        <line num="40" count="6" type="stmt"/>
        <line num="42" count="9" type="stmt"/>
        <line num="50" count="1" type="stmt"/>
        <line num="51" count="1" type="stmt"/>
        <line num="65" count="1" type="stmt"/>
        <line num="72" count="1" type="stmt"/>
        <line num="73" count="1" type="stmt"/>
        <line num="94" count="161" type="stmt"/>
      </file>
      <file name="Cart.js" path="C:\Users\ayno5\OneDrive\Documents\TailwindProject\src\components\Cart.js">
        <metrics statements="12" coveredstatements="12" conditionals="2" coveredconditionals="2" methods="6" coveredmethods="6"/>
        <line num="5" count="1" type="stmt"/>
        <line num="6" count="4" type="stmt"/>
        <line num="7" count="3" type="stmt"/>
        <line num="8" count="1" type="stmt"/>
        <line num="10" count="3" type="stmt"/>
        <line num="11" count="3" type="cond" truecount="2" falsecount="0"/>
        <line num="12" count="2" type="stmt"/>
        <line num="19" count="1" type="stmt"/>
        <line num="28" count="6" type="stmt"/>
        <line num="29" count="3" type="stmt"/>
        <line num="33" count="1" type="stmt"/>
        <line num="40" count="1" type="stmt"/>
      </file>
      <file name="CartInfo.js" path="C:\Users\ayno5\OneDrive\Documents\TailwindProject\src\components\CartInfo.js">
        <metrics statements="2" coveredstatements="2" conditionals="2" coveredconditionals="1" methods="1" coveredmethods="1"/>
        <line num="2" count="1" type="stmt"/>
        <line num="3" count="1" type="stmt"/>
      </file>
      <file name="ContactUs.js" path="C:\Users\ayno5\OneDrive\Documents\TailwindProject\src\components\ContactUs.js">
        <metrics statements="3" coveredstatements="3" conditionals="0" coveredconditionals="0" methods="3" coveredmethods="3"/>
        <line num="17" count="1" type="stmt"/>
        <line num="20" count="1" type="stmt"/>
        <line num="25" count="1" type="stmt"/>
      </file>
      <file name="Header.js" path="C:\Users\ayno5\OneDrive\Documents\TailwindProject\src\components\Header.js">
        <metrics statements="9" coveredstatements="7" conditionals="6" coveredconditionals="5" methods="5" coveredmethods="3"/>
        <line num="11" count="2" type="stmt"/>
        <line num="12" count="13" type="stmt"/>
        <line num="13" count="13" type="stmt"/>
        <line num="14" count="13" type="stmt"/>
        <line num="15" count="24" type="stmt"/>
        <line num="16" count="13" type="stmt"/>
        <line num="38" count="0" type="stmt"/>
        <line num="87" count="2" type="cond" truecount="2" falsecount="0"/>
        <line num="105" count="0" type="stmt"/>
      </file>
      <file name="ItemsList.js" path="C:\Users\ayno5\OneDrive\Documents\TailwindProject\src\components\ItemsList.js">
        <metrics statements="10" coveredstatements="9" conditionals="2" coveredconditionals="1" methods="5" coveredmethods="4"/>
        <line num="4" count="1" type="stmt"/>
        <line num="5" count="1" type="stmt"/>
        <line num="6" count="1" type="stmt"/>
        <line num="7" count="1" type="stmt"/>
        <line num="8" count="0" type="stmt"/>
        <line num="10" count="1" type="stmt"/>
        <line num="11" count="1" type="stmt"/>
        <line num="13" count="1" type="stmt"/>
        <line num="16" count="2" type="stmt"/>
        <line num="37" count="1" type="stmt"/>
      </file>
      <file name="RestaurantCardInfo.js" path="C:\Users\ayno5\OneDrive\Documents\TailwindProject\src\components\RestaurantCardInfo.js">
        <metrics statements="23" coveredstatements="22" conditionals="2" coveredconditionals="1" methods="8" coveredmethods="8"/>
        <line num="6" count="1" type="stmt"/>
        <line num="7" count="3" type="stmt"/>
        <line num="8" count="3" type="stmt"/>
        <line num="9" count="3" type="stmt"/>
        <line num="10" count="3" type="stmt"/>
        <line num="11" count="16" type="stmt"/>
        <line num="13" count="3" type="stmt"/>
        <line num="26" count="3" type="stmt"/>
        <line num="27" count="3" type="stmt"/>
        <line num="28" count="3" type="stmt"/>
        <line num="29" count="1" type="stmt"/>
        <line num="31" count="3" type="stmt"/>
        <line num="32" count="1" type="stmt"/>
        <line num="36" count="1" type="stmt"/>
        <line num="37" count="1" type="stmt"/>
        <line num="38" count="1" type="stmt"/>
        <line num="42" count="1" type="stmt"/>
        <line num="45" count="18" type="stmt"/>
        <line num="57" count="3" type="stmt"/>
        <line num="102" count="16" type="stmt"/>
        <line num="107" count="1" type="cond" truecount="1" falsecount="1"/>
        <line num="108" count="0" type="stmt"/>
        <line num="110" count="1" type="stmt"/>
      </file>
      <file name="RestaurantCards.js" path="C:\Users\ayno5\OneDrive\Documents\TailwindProject\src\components\RestaurantCards.js">
        <metrics statements="7" coveredstatements="7" conditionals="0" coveredconditionals="0" methods="3" coveredmethods="3"/>
        <line num="2" count="2" type="stmt"/>
        <line num="3" count="164" type="stmt"/>
        <line num="12" count="164" type="stmt"/>
        <line num="13" count="164" type="stmt"/>
        <line num="38" count="2" type="stmt"/>
        <line num="39" count="16" type="stmt"/>
        <line num="40" count="50" type="stmt"/>
      </file>
      <file name="RestaurantCategroie.js" path="C:\Users\ayno5\OneDrive\Documents\TailwindProject\src\components\RestaurantCategroie.js">
        <metrics statements="5" coveredstatements="4" conditionals="4" coveredconditionals="4" methods="3" coveredmethods="2"/>
        <line num="3" count="1" type="stmt"/>
        <line num="4" count="16" type="stmt"/>
        <line num="5" count="16" type="stmt"/>
        <line num="20" count="0" type="stmt"/>
        <line num="29" count="1" type="stmt"/>
      </file>
      <file name="RestaurantMenu.js" path="C:\Users\ayno5\OneDrive\Documents\TailwindProject\src\components\RestaurantMenu.js">
        <metrics statements="6" coveredstatements="2" conditionals="0" coveredconditionals="0" methods="3" coveredmethods="0"/>
        <line num="3" count="1" type="stmt"/>
        <line num="4" count="0" type="stmt"/>
        <line num="5" count="0" type="stmt"/>
        <line num="17" count="1" type="stmt"/>
        <line num="18" count="0" type="stmt"/>
        <line num="19" count="0" type="stmt"/>
      </file>
      <file name="Shimmer.js" path="C:\Users\ayno5\OneDrive\Documents\TailwindProject\src\components\Shimmer.js">
        <metrics statements="2" coveredstatements="2" conditionals="0" coveredconditionals="0" methods="1" coveredmethods="1"/>
        <line num="1" count="1" type="stmt"/>
        <line num="2" count="6" type="stmt"/>
      </file>
    </package>
    <package name="mocks">
      <metrics statements="0" coveredstatements="0" conditionals="0" coveredconditionals="0" methods="0" coveredmethods="0"/>
      <file name="dummy.js" path="C:\Users\ayno5\OneDrive\Documents\TailwindProject\src\mocks\dummy.js">
        <metrics statements="0" coveredstatements="0" conditionals="0" coveredconditionals="0" methods="0" coveredmethods="0"/>
      </file>
    </package>
    <package name="utils">
      <metrics statements="38" coveredstatements="27" conditionals="0" coveredconditionals="0" methods="14" coveredmethods="8"/>
      <file name="Context.js" path="C:\Users\ayno5\OneDrive\Documents\TailwindProject\src\utils\Context.js">
        <metrics statements="1" coveredstatements="1" conditionals="0" coveredconditionals="0" methods="0" coveredmethods="0"/>
        <line num="3" count="4" type="stmt"/>
      </file>
      <file name="cartSlice.js" path="C:\Users\ayno5\OneDrive\Documents\TailwindProject\src\utils\cartSlice.js">
        <metrics statements="5" coveredstatements="4" conditionals="0" coveredconditionals="0" methods="3" coveredmethods="2"/>
        <line num="3" count="5" type="stmt"/>
        <line num="10" count="1" type="stmt"/>
        <line num="13" count="0" type="stmt"/>
        <line num="16" count="1" type="stmt"/>
        <line num="22" count="5" type="stmt"/>
      </file>
      <file name="constant.js" path="C:\Users\ayno5\OneDrive\Documents\TailwindProject\src\utils\constant.js">
        <metrics statements="2" coveredstatements="2" conditionals="0" coveredconditionals="0" methods="0" coveredmethods="0"/>
        <line num="2" count="4" type="stmt"/>
        <line num="4" count="4" type="stmt"/>
      </file>
      <file name="store.js" path="C:\Users\ayno5\OneDrive\Documents\TailwindProject\src\utils\store.js">
        <metrics statements="1" coveredstatements="1" conditionals="0" coveredconditionals="0" methods="0" coveredmethods="0"/>
        <line num="3" count="5" type="stmt"/>
      </file>
      <file name="useListOfCards.js" path="C:\Users\ayno5\OneDrive\Documents\TailwindProject\src\utils\useListOfCards.js">
        <metrics statements="9" coveredstatements="9" conditionals="0" coveredconditionals="0" methods="3" coveredmethods="3"/>
        <line num="3" count="1" type="stmt"/>
        <line num="4" count="15" type="stmt"/>
        <line num="5" count="15" type="stmt"/>
        <line num="6" count="6" type="stmt"/>
        <line num="8" count="15" type="stmt"/>
        <line num="9" count="6" type="stmt"/>
        <line num="12" count="6" type="stmt"/>
        <line num="13" count="6" type="stmt"/>
        <line num="17" count="15" type="stmt"/>
      </file>
      <file name="useStatus.js" path="C:\Users\ayno5\OneDrive\Documents\TailwindProject\src\utils\useStatus.js">
        <metrics statements="11" coveredstatements="9" conditionals="0" coveredconditionals="0" methods="5" coveredmethods="3"/>
        <line num="2" count="2" type="stmt"/>
        <line num="3" count="13" type="stmt"/>
        <line num="4" count="13" type="stmt"/>
        <line num="5" count="9" type="stmt"/>
        <line num="6" count="0" type="stmt"/>
        <line num="8" count="9" type="stmt"/>
        <line num="9" count="0" type="stmt"/>
        <line num="11" count="9" type="stmt"/>
        <line num="12" count="9" type="stmt"/>
        <line num="13" count="9" type="stmt"/>
        <line num="16" count="13" type="stmt"/>
      </file>
      <file name="usesearchListOfCards.js" path="C:\Users\ayno5\OneDrive\Documents\TailwindProject\src\utils\usesearchListOfCards.js">
        <metrics statements="9" coveredstatements="1" conditionals="0" coveredconditionals="0" methods="3" coveredmethods="0"/>
        <line num="3" count="1" type="stmt"/>
        <line num="4" count="0" type="stmt"/>
        <line num="5" count="0" type="stmt"/>
        <line num="6" count="0" type="stmt"/>
        <line num="8" count="0" type="stmt"/>
        <line num="9" count="0" type="stmt"/>
        <line num="12" count="0" type="stmt"/>
        <line num="13" count="0" type="stmt"/>
        <line num="17" count="0" type="stmt"/>
      </file>
    </package>
  </project>
</coverage>
