{"C:\\Users\\ayno5\\OneDrive\\Documents\\TailwindProject\\src\\components\\Body.js": {"path":"C:\\Users\\ayno5\\OneDrive\\Documents\\TailwindProject\\src\\components\\Body.js","statementMap":{"0":{"start":{"line":8,"column":13},"end":{"line":112,"column":1}},"1":{"start":{"line":9,"column":22},"end":{"line":9,"column":38}},"2":{"start":{"line":11,"column":52},"end":{"line":11,"column":64}},"3":{"start":{"line":12,"column":38},"end":{"line":12,"column":50}},"4":{"start":{"line":13,"column":29},"end":{"line":13,"column":59}},"5":{"start":{"line":15,"column":2},"end":{"line":17,"column":9}},"6":{"start":{"line":16,"column":4},"end":{"line":16,"column":16}},"7":{"start":{"line":18,"column":24},"end":{"line":20,"column":3}},"8":{"start":{"line":19,"column":4},"end":{"line":19,"column":80}},"9":{"start":{"line":19,"column":47},"end":{"line":19,"column":78}},"10":{"start":{"line":21,"column":23},"end":{"line":25,"column":3}},"11":{"start":{"line":22,"column":4},"end":{"line":24,"column":6}},"12":{"start":{"line":23,"column":6},"end":{"line":23,"column":80}},"13":{"start":{"line":26,"column":20},"end":{"line":37,"column":3}},"14":{"start":{"line":27,"column":17},"end":{"line":29,"column":5}},"15":{"start":{"line":30,"column":17},"end":{"line":30,"column":34}},"16":{"start":{"line":34,"column":4},"end":{"line":36,"column":6}},"17":{"start":{"line":38,"column":28},"end":{"line":38,"column":51}},"18":{"start":{"line":39,"column":2},"end":{"line":111,"column":3}},"19":{"start":{"line":40,"column":4},"end":{"line":40,"column":23}},"20":{"start":{"line":42,"column":4},"end":{"line":110,"column":6}},"21":{"start":{"line":50,"column":34},"end":{"line":50,"column":60}},"22":{"start":{"line":51,"column":16},"end":{"line":51,"column":48}},"23":{"start":{"line":65,"column":16},"end":{"line":65,"column":46}},"24":{"start":{"line":72,"column":35},"end":{"line":72,"column":72}},"25":{"start":{"line":73,"column":16},"end":{"line":73,"column":49}},"26":{"start":{"line":94,"column":12},"end":{"line":106,"column":14}}},"fnMap":{"0":{"name":"(anonymous_0)","decl":{"start":{"line":8,"column":13},"end":{"line":8,"column":14}},"loc":{"start":{"line":8,"column":19},"end":{"line":112,"column":1}},"line":8},"1":{"name":"(anonymous_1)","decl":{"start":{"line":15,"column":12},"end":{"line":15,"column":13}},"loc":{"start":{"line":15,"column":18},"end":{"line":17,"column":3}},"line":15},"2":{"name":"(anonymous_2)","decl":{"start":{"line":18,"column":24},"end":{"line":18,"column":25}},"loc":{"start":{"line":18,"column":41},"end":{"line":20,"column":3}},"line":18},"3":{"name":"(anonymous_3)","decl":{"start":{"line":19,"column":30},"end":{"line":19,"column":31}},"loc":{"start":{"line":19,"column":47},"end":{"line":19,"column":78}},"line":19},"4":{"name":"(anonymous_4)","decl":{"start":{"line":21,"column":23},"end":{"line":21,"column":24}},"loc":{"start":{"line":21,"column":56},"end":{"line":25,"column":3}},"line":21},"5":{"name":"(anonymous_5)","decl":{"start":{"line":22,"column":30},"end":{"line":22,"column":31}},"loc":{"start":{"line":23,"column":6},"end":{"line":23,"column":80}},"line":23},"6":{"name":"(anonymous_6)","decl":{"start":{"line":26,"column":20},"end":{"line":26,"column":21}},"loc":{"start":{"line":26,"column":32},"end":{"line":37,"column":3}},"line":26},"7":{"name":"(anonymous_7)","decl":{"start":{"line":49,"column":23},"end":{"line":49,"column":24}},"loc":{"start":{"line":49,"column":29},"end":{"line":52,"column":15}},"line":49},"8":{"name":"(anonymous_8)","decl":{"start":{"line":64,"column":24},"end":{"line":64,"column":25}},"loc":{"start":{"line":64,"column":31},"end":{"line":66,"column":15}},"line":64},"9":{"name":"(anonymous_9)","decl":{"start":{"line":71,"column":23},"end":{"line":71,"column":24}},"loc":{"start":{"line":71,"column":29},"end":{"line":74,"column":15}},"line":71},"10":{"name":"(anonymous_10)","decl":{"start":{"line":93,"column":33},"end":{"line":93,"column":34}},"loc":{"start":{"line":93,"column":43},"end":{"line":107,"column":11}},"line":93}},"branchMap":{"0":{"loc":{"start":{"line":39,"column":2},"end":{"line":111,"column":3}},"type":"if","locations":[{"start":{"line":39,"column":2},"end":{"line":111,"column":3}},{"start":{"line":41,"column":9},"end":{"line":111,"column":3}}],"line":39},"1":{"loc":{"start":{"line":96,"column":17},"end":{"line":104,"column":17}},"type":"cond-expr","locations":[{"start":{"line":97,"column":18},"end":{"line":99,"column":24}},{"start":{"line":101,"column":18},"end":{"line":103,"column":24}}],"line":96}},"s":{"0":1,"1":15,"2":15,"3":15,"4":15,"5":15,"6":6,"7":15,"8":1,"9":20,"10":15,"11":1,"12":20,"13":15,"14":6,"15":6,"16":6,"17":15,"18":15,"19":6,"20":9,"21":1,"22":1,"23":1,"24":1,"25":1,"26":161},"f":{"0":15,"1":6,"2":1,"3":20,"4":1,"5":20,"6":6,"7":1,"8":1,"9":1,"10":161},"b":{"0":[6,9],"1":[49,112]},"_coverageSchema":"1a1c01bbd47fc00a2c39e90264f33305004495a9","hash":"6054b88fa38657b14b267f7b9f95137bd80ea7a0"}
,"C:\\Users\\ayno5\\OneDrive\\Documents\\TailwindProject\\src\\components\\Cart.js": {"path":"C:\\Users\\ayno5\\OneDrive\\Documents\\TailwindProject\\src\\components\\Cart.js","statementMap":{"0":{"start":{"line":5,"column":13},"end":{"line":49,"column":1}},"1":{"start":{"line":6,"column":19},"end":{"line":6,"column":32}},"2":{"start":{"line":7,"column":21},"end":{"line":9,"column":3}},"3":{"start":{"line":8,"column":4},"end":{"line":8,"column":26}},"4":{"start":{"line":10,"column":22},"end":{"line":27,"column":3}},"5":{"start":{"line":11,"column":4},"end":{"line":26,"column":5}},"6":{"start":{"line":12,"column":6},"end":{"line":17,"column":8}},"7":{"start":{"line":19,"column":6},"end":{"line":25,"column":8}},"8":{"start":{"line":28,"column":20},"end":{"line":28,"column":60}},"9":{"start":{"line":28,"column":43},"end":{"line":28,"column":59}},"10":{"start":{"line":29,"column":2},"end":{"line":48,"column":4}},"11":{"start":{"line":33,"column":23},"end":{"line":33,"column":35}},"12":{"start":{"line":40,"column":10},"end":{"line":44,"column":12}}},"fnMap":{"0":{"name":"(anonymous_0)","decl":{"start":{"line":5,"column":13},"end":{"line":5,"column":14}},"loc":{"start":{"line":5,"column":19},"end":{"line":49,"column":1}},"line":5},"1":{"name":"(anonymous_1)","decl":{"start":{"line":7,"column":21},"end":{"line":7,"column":22}},"loc":{"start":{"line":7,"column":27},"end":{"line":9,"column":3}},"line":7},"2":{"name":"(anonymous_2)","decl":{"start":{"line":10,"column":22},"end":{"line":10,"column":23}},"loc":{"start":{"line":10,"column":28},"end":{"line":27,"column":3}},"line":10},"3":{"name":"(anonymous_3)","decl":{"start":{"line":28,"column":32},"end":{"line":28,"column":33}},"loc":{"start":{"line":28,"column":43},"end":{"line":28,"column":59}},"line":28},"4":{"name":"(anonymous_4)","decl":{"start":{"line":33,"column":17},"end":{"line":33,"column":18}},"loc":{"start":{"line":33,"column":23},"end":{"line":33,"column":35}},"line":33},"5":{"name":"(anonymous_5)","decl":{"start":{"line":39,"column":23},"end":{"line":39,"column":24}},"loc":{"start":{"line":39,"column":37},"end":{"line":45,"column":9}},"line":39}},"branchMap":{"0":{"loc":{"start":{"line":11,"column":4},"end":{"line":26,"column":5}},"type":"if","locations":[{"start":{"line":11,"column":4},"end":{"line":26,"column":5}},{"start":{"line":18,"column":11},"end":{"line":26,"column":5}}],"line":11}},"s":{"0":1,"1":4,"2":3,"3":1,"4":3,"5":3,"6":2,"7":1,"8":3,"9":6,"10":3,"11":1,"12":1},"f":{"0":4,"1":1,"2":3,"3":6,"4":1,"5":1},"b":{"0":[2,1]},"_coverageSchema":"1a1c01bbd47fc00a2c39e90264f33305004495a9","hash":"dc22194a187202cb6a63929309e127e2bea3290e"}
,"C:\\Users\\ayno5\\OneDrive\\Documents\\TailwindProject\\src\\components\\CartInfo.js": {"path":"C:\\Users\\ayno5\\OneDrive\\Documents\\TailwindProject\\src\\components\\CartInfo.js","statementMap":{"0":{"start":{"line":2,"column":17},"end":{"line":35,"column":1}},"1":{"start":{"line":3,"column":2},"end":{"line":34,"column":4}}},"fnMap":{"0":{"name":"(anonymous_0)","decl":{"start":{"line":2,"column":17},"end":{"line":2,"column":18}},"loc":{"start":{"line":2,"column":31},"end":{"line":35,"column":1}},"line":2}},"branchMap":{"0":{"loc":{"start":{"line":15,"column":11},"end":{"line":19,"column":11}},"type":"cond-expr","locations":[{"start":{"line":16,"column":12},"end":{"line":16,"column":27}},{"start":{"line":18,"column":12},"end":{"line":18,"column":29}}],"line":15}},"s":{"0":1,"1":1},"f":{"0":1},"b":{"0":[1,0]},"_coverageSchema":"1a1c01bbd47fc00a2c39e90264f33305004495a9","hash":"339ea086005e24db2f2cecd747b009409ec2cd4c"}
,"C:\\Users\\ayno5\\OneDrive\\Documents\\TailwindProject\\src\\components\\ContactUs.js": {"path":"C:\\Users\\ayno5\\OneDrive\\Documents\\TailwindProject\\src\\components\\ContactUs.js","statementMap":{"0":{"start":{"line":17,"column":4},"end":{"line":17,"column":12}},"1":{"start":{"line":20,"column":4},"end":{"line":33,"column":6}},"2":{"start":{"line":25,"column":12},"end":{"line":29,"column":14}}},"fnMap":{"0":{"name":"(anonymous_0)","decl":{"start":{"line":16,"column":2},"end":{"line":16,"column":3}},"loc":{"start":{"line":16,"column":16},"end":{"line":18,"column":3}},"line":16},"1":{"name":"(anonymous_1)","decl":{"start":{"line":19,"column":2},"end":{"line":19,"column":3}},"loc":{"start":{"line":19,"column":11},"end":{"line":34,"column":3}},"line":19},"2":{"name":"(anonymous_2)","decl":{"start":{"line":24,"column":11},"end":{"line":24,"column":12}},"loc":{"start":{"line":24,"column":25},"end":{"line":30,"column":11}},"line":24}},"branchMap":{},"s":{"0":1,"1":1,"2":1},"f":{"0":1,"1":1,"2":1},"b":{},"_coverageSchema":"1a1c01bbd47fc00a2c39e90264f33305004495a9","hash":"4a9524c10e9274098021c079ca60376207f90ed8"}
,"C:\\Users\\ayno5\\OneDrive\\Documents\\TailwindProject\\src\\components\\Header.js": {"path":"C:\\Users\\ayno5\\OneDrive\\Documents\\TailwindProject\\src\\components\\Header.js","statementMap":{"0":{"start":{"line":11,"column":15},"end":{"line":111,"column":1}},"1":{"start":{"line":12,"column":19},"end":{"line":12,"column":42}},"2":{"start":{"line":13,"column":17},"end":{"line":13,"column":28}},"3":{"start":{"line":14,"column":24},"end":{"line":14,"column":41}},"4":{"start":{"line":15,"column":20},"end":{"line":15,"column":60}},"5":{"start":{"line":15,"column":43},"end":{"line":15,"column":59}},"6":{"start":{"line":16,"column":2},"end":{"line":110,"column":4}},"7":{"start":{"line":38,"column":14},"end":{"line":38,"column":74}},"8":{"start":{"line":87,"column":14},"end":{"line":87,"column":67}},"9":{"start":{"line":105,"column":12},"end":{"line":105,"column":72}}},"fnMap":{"0":{"name":"(anonymous_0)","decl":{"start":{"line":11,"column":15},"end":{"line":11,"column":16}},"loc":{"start":{"line":11,"column":21},"end":{"line":111,"column":1}},"line":11},"1":{"name":"(anonymous_1)","decl":{"start":{"line":15,"column":32},"end":{"line":15,"column":33}},"loc":{"start":{"line":15,"column":43},"end":{"line":15,"column":59}},"line":15},"2":{"name":"(anonymous_2)","decl":{"start":{"line":37,"column":21},"end":{"line":37,"column":22}},"loc":{"start":{"line":37,"column":27},"end":{"line":39,"column":13}},"line":37},"3":{"name":"(anonymous_3)","decl":{"start":{"line":86,"column":21},"end":{"line":86,"column":22}},"loc":{"start":{"line":86,"column":27},"end":{"line":88,"column":13}},"line":86},"4":{"name":"(anonymous_4)","decl":{"start":{"line":104,"column":19},"end":{"line":104,"column":20}},"loc":{"start":{"line":104,"column":25},"end":{"line":106,"column":11}},"line":104}},"branchMap":{"0":{"loc":{"start":{"line":32,"column":13},"end":{"line":32,"column":31}},"type":"cond-expr","locations":[{"start":{"line":32,"column":22},"end":{"line":32,"column":25}},{"start":{"line":32,"column":28},"end":{"line":32,"column":31}}],"line":32},"1":{"loc":{"start":{"line":87,"column":14},"end":{"line":87,"column":66}},"type":"cond-expr","locations":[{"start":{"line":87,"column":32},"end":{"line":87,"column":48}},{"start":{"line":87,"column":51},"end":{"line":87,"column":66}}],"line":87},"2":{"loc":{"start":{"line":97,"column":20},"end":{"line":97,"column":75}},"type":"cond-expr","locations":[{"start":{"line":97,"column":43},"end":{"line":97,"column":70}},{"start":{"line":97,"column":73},"end":{"line":97,"column":75}}],"line":97}},"s":{"0":2,"1":13,"2":13,"3":13,"4":13,"5":24,"6":13,"7":0,"8":2,"9":0},"f":{"0":13,"1":24,"2":0,"3":2,"4":0},"b":{"0":[13,0],"1":[1,1],"2":[1,12]},"_coverageSchema":"1a1c01bbd47fc00a2c39e90264f33305004495a9","hash":"a3bfc591406421665a6a159851dec087c711eea3"}
,"C:\\Users\\ayno5\\OneDrive\\Documents\\TailwindProject\\src\\components\\ItemsList.js": {"path":"C:\\Users\\ayno5\\OneDrive\\Documents\\TailwindProject\\src\\components\\ItemsList.js","statementMap":{"0":{"start":{"line":4,"column":18},"end":{"line":52,"column":1}},"1":{"start":{"line":5,"column":2},"end":{"line":5,"column":21}},"2":{"start":{"line":6,"column":19},"end":{"line":6,"column":32}},"3":{"start":{"line":7,"column":24},"end":{"line":9,"column":3}},"4":{"start":{"line":8,"column":4},"end":{"line":8,"column":26}},"5":{"start":{"line":10,"column":22},"end":{"line":12,"column":3}},"6":{"start":{"line":11,"column":4},"end":{"line":11,"column":28}},"7":{"start":{"line":13,"column":2},"end":{"line":51,"column":4}},"8":{"start":{"line":16,"column":8},"end":{"line":48,"column":10}},"9":{"start":{"line":37,"column":31},"end":{"line":37,"column":48}}},"fnMap":{"0":{"name":"(anonymous_0)","decl":{"start":{"line":4,"column":18},"end":{"line":4,"column":19}},"loc":{"start":{"line":4,"column":33},"end":{"line":52,"column":1}},"line":4},"1":{"name":"(anonymous_1)","decl":{"start":{"line":7,"column":24},"end":{"line":7,"column":25}},"loc":{"start":{"line":7,"column":30},"end":{"line":9,"column":3}},"line":7},"2":{"name":"(anonymous_2)","decl":{"start":{"line":10,"column":22},"end":{"line":10,"column":23}},"loc":{"start":{"line":10,"column":32},"end":{"line":12,"column":3}},"line":10},"3":{"name":"(anonymous_3)","decl":{"start":{"line":15,"column":17},"end":{"line":15,"column":18}},"loc":{"start":{"line":15,"column":27},"end":{"line":49,"column":7}},"line":15},"4":{"name":"(anonymous_4)","decl":{"start":{"line":37,"column":25},"end":{"line":37,"column":26}},"loc":{"start":{"line":37,"column":31},"end":{"line":37,"column":48}},"line":37}},"branchMap":{"0":{"loc":{"start":{"line":26,"column":19},"end":{"line":28,"column":26}},"type":"cond-expr","locations":[{"start":{"line":27,"column":22},"end":{"line":27,"column":26}},{"start":{"line":28,"column":22},"end":{"line":28,"column":26}}],"line":26}},"s":{"0":1,"1":1,"2":1,"3":1,"4":0,"5":1,"6":1,"7":1,"8":2,"9":1},"f":{"0":1,"1":0,"2":1,"3":2,"4":1},"b":{"0":[2,0]},"_coverageSchema":"1a1c01bbd47fc00a2c39e90264f33305004495a9","hash":"a6febe17eba8396acb3e4a783b496dd883e083fc"}
,"C:\\Users\\ayno5\\OneDrive\\Documents\\TailwindProject\\src\\components\\RestaurantCardInfo.js": {"path":"C:\\Users\\ayno5\\OneDrive\\Documents\\TailwindProject\\src\\components\\RestaurantCardInfo.js","statementMap":{"0":{"start":{"line":6,"column":27},"end":{"line":128,"column":1}},"1":{"start":{"line":7,"column":46},"end":{"line":7,"column":58}},"2":{"start":{"line":8,"column":34},"end":{"line":8,"column":46}},"3":{"start":{"line":9,"column":36},"end":{"line":9,"column":48}},"4":{"start":{"line":10,"column":22},"end":{"line":12,"column":3}},"5":{"start":{"line":11,"column":4},"end":{"line":11,"column":58}},"6":{"start":{"line":11,"column":34},"end":{"line":11,"column":56}},"7":{"start":{"line":13,"column":44},"end":{"line":15,"column":4}},"8":{"start":{"line":26,"column":6},"end":{"line":26,"column":20}},"9":{"start":{"line":27,"column":17},"end":{"line":27,"column":28}},"10":{"start":{"line":28,"column":2},"end":{"line":30,"column":9}},"11":{"start":{"line":29,"column":4},"end":{"line":29,"column":16}},"12":{"start":{"line":31,"column":20},"end":{"line":49,"column":3}},"13":{"start":{"line":32,"column":17},"end":{"line":35,"column":5}},"14":{"start":{"line":36,"column":17},"end":{"line":36,"column":34}},"15":{"start":{"line":37,"column":4},"end":{"line":37,"column":59}},"16":{"start":{"line":38,"column":4},"end":{"line":41,"column":6}},"17":{"start":{"line":42,"column":4},"end":{"line":48,"column":6}},"18":{"start":{"line":45,"column":10},"end":{"line":46,"column":72}},"19":{"start":{"line":57,"column":2},"end":{"line":127,"column":4}},"20":{"start":{"line":102,"column":10},"end":{"line":123,"column":12}},"21":{"start":{"line":107,"column":14},"end":{"line":113,"column":15}},"22":{"start":{"line":108,"column":16},"end":{"line":108,"column":39}},"23":{"start":{"line":110,"column":16},"end":{"line":112,"column":19}}},"fnMap":{"0":{"name":"(anonymous_0)","decl":{"start":{"line":6,"column":27},"end":{"line":6,"column":28}},"loc":{"start":{"line":6,"column":33},"end":{"line":128,"column":1}},"line":6},"1":{"name":"(anonymous_1)","decl":{"start":{"line":10,"column":22},"end":{"line":10,"column":23}},"loc":{"start":{"line":10,"column":33},"end":{"line":12,"column":3}},"line":10},"2":{"name":"(anonymous_2)","decl":{"start":{"line":11,"column":24},"end":{"line":11,"column":25}},"loc":{"start":{"line":11,"column":34},"end":{"line":11,"column":56}},"line":11},"3":{"name":"(anonymous_3)","decl":{"start":{"line":28,"column":12},"end":{"line":28,"column":13}},"loc":{"start":{"line":28,"column":18},"end":{"line":30,"column":3}},"line":28},"4":{"name":"(anonymous_4)","decl":{"start":{"line":31,"column":20},"end":{"line":31,"column":21}},"loc":{"start":{"line":31,"column":32},"end":{"line":49,"column":3}},"line":31},"5":{"name":"(anonymous_5)","decl":{"start":{"line":44,"column":8},"end":{"line":44,"column":9}},"loc":{"start":{"line":45,"column":10},"end":{"line":46,"column":72}},"line":45},"6":{"name":"(anonymous_6)","decl":{"start":{"line":101,"column":23},"end":{"line":101,"column":24}},"loc":{"start":{"line":102,"column":10},"end":{"line":123,"column":12}},"line":102},"7":{"name":"(anonymous_7)","decl":{"start":{"line":106,"column":24},"end":{"line":106,"column":25}},"loc":{"start":{"line":106,"column":30},"end":{"line":114,"column":13}},"line":106}},"branchMap":{"0":{"loc":{"start":{"line":107,"column":14},"end":{"line":113,"column":15}},"type":"if","locations":[{"start":{"line":107,"column":14},"end":{"line":113,"column":15}},{"start":{"line":109,"column":21},"end":{"line":113,"column":15}}],"line":107}},"s":{"0":1,"1":3,"2":3,"3":3,"4":3,"5":3,"6":16,"7":3,"8":3,"9":3,"10":3,"11":1,"12":3,"13":1,"14":1,"15":1,"16":1,"17":1,"18":18,"19":3,"20":16,"21":1,"22":0,"23":1},"f":{"0":3,"1":3,"2":16,"3":1,"4":1,"5":18,"6":16,"7":1},"b":{"0":[0,1]},"_coverageSchema":"1a1c01bbd47fc00a2c39e90264f33305004495a9","hash":"a50b1bb436aa9b6be102e063557da540deb21966"}
,"C:\\Users\\ayno5\\OneDrive\\Documents\\TailwindProject\\src\\components\\RestaurantCards.js": {"path":"C:\\Users\\ayno5\\OneDrive\\Documents\\TailwindProject\\src\\components\\RestaurantCards.js","statementMap":{"0":{"start":{"line":2,"column":24},"end":{"line":36,"column":1}},"1":{"start":{"line":3,"column":23},"end":{"line":3,"column":28}},"2":{"start":{"line":12,"column":6},"end":{"line":12,"column":14}},"3":{"start":{"line":13,"column":2},"end":{"line":35,"column":4}},"4":{"start":{"line":38,"column":29},"end":{"line":49,"column":1}},"5":{"start":{"line":39,"column":2},"end":{"line":48,"column":4}},"6":{"start":{"line":40,"column":4},"end":{"line":47,"column":6}}},"fnMap":{"0":{"name":"(anonymous_0)","decl":{"start":{"line":2,"column":24},"end":{"line":2,"column":25}},"loc":{"start":{"line":2,"column":35},"end":{"line":36,"column":1}},"line":2},"1":{"name":"(anonymous_1)","decl":{"start":{"line":38,"column":29},"end":{"line":38,"column":30}},"loc":{"start":{"line":38,"column":50},"end":{"line":49,"column":1}},"line":38},"2":{"name":"(anonymous_2)","decl":{"start":{"line":39,"column":9},"end":{"line":39,"column":10}},"loc":{"start":{"line":39,"column":20},"end":{"line":48,"column":3}},"line":39}},"branchMap":{},"s":{"0":2,"1":164,"2":164,"3":164,"4":2,"5":16,"6":50},"f":{"0":164,"1":16,"2":50},"b":{},"_coverageSchema":"1a1c01bbd47fc00a2c39e90264f33305004495a9","hash":"533f84ab899421878b2b6638f1b0475c0c691071"}
,"C:\\Users\\ayno5\\OneDrive\\Documents\\TailwindProject\\src\\components\\RestaurantCategroie.js": {"path":"C:\\Users\\ayno5\\OneDrive\\Documents\\TailwindProject\\src\\components\\RestaurantCategroie.js","statementMap":{"0":{"start":{"line":3,"column":28},"end":{"line":43,"column":1}},"1":{"start":{"line":4,"column":24},"end":{"line":4,"column":40}},"2":{"start":{"line":5,"column":2},"end":{"line":42,"column":4}},"3":{"start":{"line":20,"column":18},"end":{"line":20,"column":31}},"4":{"start":{"line":29,"column":18},"end":{"line":29,"column":31}}},"fnMap":{"0":{"name":"(anonymous_0)","decl":{"start":{"line":3,"column":28},"end":{"line":3,"column":29}},"loc":{"start":{"line":3,"column":65},"end":{"line":43,"column":1}},"line":3},"1":{"name":"(anonymous_1)","decl":{"start":{"line":19,"column":25},"end":{"line":19,"column":26}},"loc":{"start":{"line":19,"column":31},"end":{"line":21,"column":17}},"line":19},"2":{"name":"(anonymous_2)","decl":{"start":{"line":28,"column":25},"end":{"line":28,"column":26}},"loc":{"start":{"line":28,"column":31},"end":{"line":30,"column":17}},"line":28}},"branchMap":{"0":{"loc":{"start":{"line":16,"column":13},"end":{"line":34,"column":13}},"type":"cond-expr","locations":[{"start":{"line":17,"column":14},"end":{"line":24,"column":23}},{"start":{"line":26,"column":14},"end":{"line":33,"column":23}}],"line":16},"1":{"loc":{"start":{"line":38,"column":11},"end":{"line":38,"column":74}},"type":"cond-expr","locations":[{"start":{"line":38,"column":23},"end":{"line":38,"column":69}},{"start":{"line":38,"column":72},"end":{"line":38,"column":74}}],"line":38}},"s":{"0":1,"1":16,"2":16,"3":0,"4":1},"f":{"0":16,"1":0,"2":1},"b":{"0":[1,15],"1":[1,15]},"_coverageSchema":"1a1c01bbd47fc00a2c39e90264f33305004495a9","hash":"72eca850b2de2f262bfba6d4377ae01682caab95"}
,"C:\\Users\\ayno5\\OneDrive\\Documents\\TailwindProject\\src\\components\\RestaurantMenu.js": {"path":"C:\\Users\\ayno5\\OneDrive\\Documents\\TailwindProject\\src\\components\\RestaurantMenu.js","statementMap":{"0":{"start":{"line":3,"column":23},"end":{"line":14,"column":1}},"1":{"start":{"line":4,"column":21},"end":{"line":4,"column":26}},"2":{"start":{"line":5,"column":2},"end":{"line":13,"column":4}},"3":{"start":{"line":17,"column":28},"end":{"line":25,"column":1}},"4":{"start":{"line":18,"column":2},"end":{"line":24,"column":4}},"5":{"start":{"line":19,"column":4},"end":{"line":23,"column":6}}},"fnMap":{"0":{"name":"(anonymous_0)","decl":{"start":{"line":3,"column":23},"end":{"line":3,"column":24}},"loc":{"start":{"line":3,"column":34},"end":{"line":14,"column":1}},"line":3},"1":{"name":"(anonymous_1)","decl":{"start":{"line":17,"column":28},"end":{"line":17,"column":29}},"loc":{"start":{"line":17,"column":48},"end":{"line":25,"column":1}},"line":17},"2":{"name":"(anonymous_2)","decl":{"start":{"line":18,"column":9},"end":{"line":18,"column":10}},"loc":{"start":{"line":18,"column":20},"end":{"line":24,"column":3}},"line":18}},"branchMap":{},"s":{"0":1,"1":0,"2":0,"3":1,"4":0,"5":0},"f":{"0":0,"1":0,"2":0},"b":{},"_coverageSchema":"1a1c01bbd47fc00a2c39e90264f33305004495a9","hash":"d65b45ca6531af15b9b24fa7a4bbc974228bac66"}
,"C:\\Users\\ayno5\\OneDrive\\Documents\\TailwindProject\\src\\components\\Shimmer.js": {"path":"C:\\Users\\ayno5\\OneDrive\\Documents\\TailwindProject\\src\\components\\Shimmer.js","statementMap":{"0":{"start":{"line":1,"column":16},"end":{"line":42,"column":1}},"1":{"start":{"line":2,"column":2},"end":{"line":41,"column":4}}},"fnMap":{"0":{"name":"(anonymous_0)","decl":{"start":{"line":1,"column":16},"end":{"line":1,"column":17}},"loc":{"start":{"line":1,"column":22},"end":{"line":42,"column":1}},"line":1}},"branchMap":{},"s":{"0":1,"1":6},"f":{"0":6},"b":{},"_coverageSchema":"1a1c01bbd47fc00a2c39e90264f33305004495a9","hash":"086372f6adf14469f8ae8804c3c4c27688b8b267"}
,"C:\\Users\\ayno5\\OneDrive\\Documents\\TailwindProject\\src\\mocks\\dummy.js": {"path":"C:\\Users\\ayno5\\OneDrive\\Documents\\TailwindProject\\src\\mocks\\dummy.js","statementMap":{},"fnMap":{},"branchMap":{},"s":{},"f":{},"b":{},"_coverageSchema":"1a1c01bbd47fc00a2c39e90264f33305004495a9","hash":"2689de53f66165061ca0c6be371a5d673501942d"}
,"C:\\Users\\ayno5\\OneDrive\\Documents\\TailwindProject\\src\\utils\\Context.js": {"path":"C:\\Users\\ayno5\\OneDrive\\Documents\\TailwindProject\\src\\utils\\Context.js","statementMap":{"0":{"start":{"line":3,"column":20},"end":{"line":8,"column":2}}},"fnMap":{},"branchMap":{},"s":{"0":4},"f":{},"b":{},"_coverageSchema":"1a1c01bbd47fc00a2c39e90264f33305004495a9","hash":"91ff7c51ef3403388c7c505e6da988cdd93b546d"}
,"C:\\Users\\ayno5\\OneDrive\\Documents\\TailwindProject\\src\\utils\\cartSlice.js": {"path":"C:\\Users\\ayno5\\OneDrive\\Documents\\TailwindProject\\src\\utils\\cartSlice.js","statementMap":{"0":{"start":{"line":3,"column":18},"end":{"line":20,"column":2}},"1":{"start":{"line":10,"column":6},"end":{"line":10,"column":39}},"2":{"start":{"line":13,"column":6},"end":{"line":13,"column":24}},"3":{"start":{"line":16,"column":6},"end":{"line":16,"column":23}},"4":{"start":{"line":22,"column":50},"end":{"line":22,"column":67}}},"fnMap":{"0":{"name":"(anonymous_0)","decl":{"start":{"line":9,"column":13},"end":{"line":9,"column":14}},"loc":{"start":{"line":9,"column":32},"end":{"line":11,"column":5}},"line":9},"1":{"name":"(anonymous_1)","decl":{"start":{"line":12,"column":16},"end":{"line":12,"column":17}},"loc":{"start":{"line":12,"column":35},"end":{"line":14,"column":5}},"line":12},"2":{"name":"(anonymous_2)","decl":{"start":{"line":15,"column":15},"end":{"line":15,"column":16}},"loc":{"start":{"line":15,"column":34},"end":{"line":17,"column":5}},"line":15}},"branchMap":{},"s":{"0":5,"1":1,"2":0,"3":1,"4":5},"f":{"0":1,"1":0,"2":1},"b":{},"_coverageSchema":"1a1c01bbd47fc00a2c39e90264f33305004495a9","hash":"ac627f936a666048d802437841a3e08a206edeab"}
,"C:\\Users\\ayno5\\OneDrive\\Documents\\TailwindProject\\src\\utils\\constant.js": {"path":"C:\\Users\\ayno5\\OneDrive\\Documents\\TailwindProject\\src\\utils\\constant.js","statementMap":{"0":{"start":{"line":2,"column":2},"end":{"line":2,"column":96}},"1":{"start":{"line":4,"column":2},"end":{"line":4,"column":85}}},"fnMap":{},"branchMap":{},"s":{"0":4,"1":4},"f":{},"b":{},"_coverageSchema":"1a1c01bbd47fc00a2c39e90264f33305004495a9","hash":"729495f97ee61957f6a04854b5d1531187f23f08"}
,"C:\\Users\\ayno5\\OneDrive\\Documents\\TailwindProject\\src\\utils\\store.js": {"path":"C:\\Users\\ayno5\\OneDrive\\Documents\\TailwindProject\\src\\utils\\store.js","statementMap":{"0":{"start":{"line":3,"column":14},"end":{"line":7,"column":2}}},"fnMap":{},"branchMap":{},"s":{"0":5},"f":{},"b":{},"_coverageSchema":"1a1c01bbd47fc00a2c39e90264f33305004495a9","hash":"cac1b7d43df1e586205f5be76cbcb673c459db17"}
,"C:\\Users\\ayno5\\OneDrive\\Documents\\TailwindProject\\src\\utils\\useListOfCards.js": {"path":"C:\\Users\\ayno5\\OneDrive\\Documents\\TailwindProject\\src\\utils\\useListOfCards.js","statementMap":{"0":{"start":{"line":3,"column":23},"end":{"line":18,"column":1}},"1":{"start":{"line":4,"column":40},"end":{"line":4,"column":52}},"2":{"start":{"line":5,"column":2},"end":{"line":7,"column":9}},"3":{"start":{"line":6,"column":4},"end":{"line":6,"column":16}},"4":{"start":{"line":8,"column":20},"end":{"line":16,"column":3}},"5":{"start":{"line":9,"column":17},"end":{"line":11,"column":5}},"6":{"start":{"line":12,"column":17},"end":{"line":12,"column":34}},"7":{"start":{"line":13,"column":4},"end":{"line":15,"column":6}},"8":{"start":{"line":17,"column":2},"end":{"line":17,"column":21}}},"fnMap":{"0":{"name":"(anonymous_0)","decl":{"start":{"line":3,"column":23},"end":{"line":3,"column":24}},"loc":{"start":{"line":3,"column":29},"end":{"line":18,"column":1}},"line":3},"1":{"name":"(anonymous_1)","decl":{"start":{"line":5,"column":12},"end":{"line":5,"column":13}},"loc":{"start":{"line":5,"column":18},"end":{"line":7,"column":3}},"line":5},"2":{"name":"(anonymous_2)","decl":{"start":{"line":8,"column":20},"end":{"line":8,"column":21}},"loc":{"start":{"line":8,"column":32},"end":{"line":16,"column":3}},"line":8}},"branchMap":{},"s":{"0":1,"1":15,"2":15,"3":6,"4":15,"5":6,"6":6,"7":6,"8":15},"f":{"0":15,"1":6,"2":6},"b":{},"_coverageSchema":"1a1c01bbd47fc00a2c39e90264f33305004495a9","hash":"67d45d73038b0c67ecfea5ccb7cf7827e77cc77a"}
,"C:\\Users\\ayno5\\OneDrive\\Documents\\TailwindProject\\src\\utils\\useStatus.js": {"path":"C:\\Users\\ayno5\\OneDrive\\Documents\\TailwindProject\\src\\utils\\useStatus.js","statementMap":{"0":{"start":{"line":2,"column":18},"end":{"line":17,"column":1}},"1":{"start":{"line":3,"column":30},"end":{"line":3,"column":44}},"2":{"start":{"line":4,"column":2},"end":{"line":15,"column":9}},"3":{"start":{"line":5,"column":25},"end":{"line":7,"column":5}},"4":{"start":{"line":6,"column":6},"end":{"line":6,"column":22}},"5":{"start":{"line":8,"column":26},"end":{"line":10,"column":5}},"6":{"start":{"line":9,"column":6},"end":{"line":9,"column":23}},"7":{"start":{"line":11,"column":4},"end":{"line":14,"column":6}},"8":{"start":{"line":12,"column":6},"end":{"line":12,"column":54}},"9":{"start":{"line":13,"column":6},"end":{"line":13,"column":56}},"10":{"start":{"line":16,"column":2},"end":{"line":16,"column":16}}},"fnMap":{"0":{"name":"(anonymous_0)","decl":{"start":{"line":2,"column":18},"end":{"line":2,"column":19}},"loc":{"start":{"line":2,"column":24},"end":{"line":17,"column":1}},"line":2},"1":{"name":"(anonymous_1)","decl":{"start":{"line":4,"column":12},"end":{"line":4,"column":13}},"loc":{"start":{"line":4,"column":18},"end":{"line":15,"column":3}},"line":4},"2":{"name":"(anonymous_2)","decl":{"start":{"line":5,"column":25},"end":{"line":5,"column":26}},"loc":{"start":{"line":5,"column":31},"end":{"line":7,"column":5}},"line":5},"3":{"name":"(anonymous_3)","decl":{"start":{"line":8,"column":26},"end":{"line":8,"column":27}},"loc":{"start":{"line":8,"column":32},"end":{"line":10,"column":5}},"line":8},"4":{"name":"(anonymous_4)","decl":{"start":{"line":11,"column":11},"end":{"line":11,"column":12}},"loc":{"start":{"line":11,"column":17},"end":{"line":14,"column":5}},"line":11}},"branchMap":{},"s":{"0":2,"1":13,"2":13,"3":9,"4":0,"5":9,"6":0,"7":9,"8":9,"9":9,"10":13},"f":{"0":13,"1":9,"2":0,"3":0,"4":9},"b":{},"_coverageSchema":"1a1c01bbd47fc00a2c39e90264f33305004495a9","hash":"c16e76be45032c8b92592bcc644775f623c0632c"}
,"C:\\Users\\ayno5\\OneDrive\\Documents\\TailwindProject\\src\\utils\\usesearchListOfCards.js": {"path":"C:\\Users\\ayno5\\OneDrive\\Documents\\TailwindProject\\src\\utils\\usesearchListOfCards.js","statementMap":{"0":{"start":{"line":3,"column":29},"end":{"line":18,"column":1}},"1":{"start":{"line":4,"column":52},"end":{"line":4,"column":64}},"2":{"start":{"line":5,"column":2},"end":{"line":7,"column":9}},"3":{"start":{"line":6,"column":4},"end":{"line":6,"column":16}},"4":{"start":{"line":8,"column":20},"end":{"line":16,"column":3}},"5":{"start":{"line":9,"column":17},"end":{"line":11,"column":5}},"6":{"start":{"line":12,"column":17},"end":{"line":12,"column":34}},"7":{"start":{"line":13,"column":4},"end":{"line":15,"column":6}},"8":{"start":{"line":17,"column":2},"end":{"line":17,"column":27}}},"fnMap":{"0":{"name":"(anonymous_0)","decl":{"start":{"line":3,"column":29},"end":{"line":3,"column":30}},"loc":{"start":{"line":3,"column":35},"end":{"line":18,"column":1}},"line":3},"1":{"name":"(anonymous_1)","decl":{"start":{"line":5,"column":12},"end":{"line":5,"column":13}},"loc":{"start":{"line":5,"column":18},"end":{"line":7,"column":3}},"line":5},"2":{"name":"(anonymous_2)","decl":{"start":{"line":8,"column":20},"end":{"line":8,"column":21}},"loc":{"start":{"line":8,"column":32},"end":{"line":16,"column":3}},"line":8}},"branchMap":{},"s":{"0":1,"1":0,"2":0,"3":0,"4":0,"5":0,"6":0,"7":0,"8":0},"f":{"0":0,"1":0,"2":0},"b":{},"_coverageSchema":"1a1c01bbd47fc00a2c39e90264f33305004495a9","hash":"5b022cf17c32cb95fc84690a804b7ff1e97bb1d5"}
}
