TN:
SF:src\components\Body.js
FN:8,(anonymous_0)
FN:15,(anonymous_1)
FN:18,(anonymous_2)
FN:19,(anonymous_3)
FN:21,(anonymous_4)
FN:22,(anonymous_5)
FN:26,(anonymous_6)
FN:49,(anonymous_7)
FN:64,(anonymous_8)
FN:71,(anonymous_9)
FN:93,(anonymous_10)
FNF:11
FNH:11
FNDA:15,(anonymous_0)
FNDA:6,(anonymous_1)
FNDA:1,(anonymous_2)
FNDA:20,(anonymous_3)
FNDA:1,(anonymous_4)
FNDA:20,(anonymous_5)
FNDA:6,(anonymous_6)
FNDA:1,(anonymous_7)
FNDA:1,(anonymous_8)
FNDA:1,(anonymous_9)
FNDA:161,(anonymous_10)
DA:8,1
DA:9,15
DA:11,15
DA:12,15
DA:13,15
DA:15,15
DA:16,6
DA:18,15
DA:19,20
DA:21,15
DA:22,1
DA:23,20
DA:26,15
DA:27,6
DA:30,6
DA:34,6
DA:38,15
DA:39,15
DA:40,6
DA:42,9
DA:50,1
DA:51,1
DA:65,1
DA:72,1
DA:73,1
DA:94,161
LF:26
LH:26
BRDA:39,0,0,6
BRDA:39,0,1,9
BRDA:96,1,0,49
BRDA:96,1,1,112
BRF:4
BRH:4
end_of_record
TN:
SF:src\components\Cart.js
FN:5,(anonymous_0)
FN:7,(anonymous_1)
FN:10,(anonymous_2)
FN:28,(anonymous_3)
FN:33,(anonymous_4)
FN:39,(anonymous_5)
FNF:6
FNH:6
FNDA:4,(anonymous_0)
FNDA:1,(anonymous_1)
FNDA:3,(anonymous_2)
FNDA:6,(anonymous_3)
FNDA:1,(anonymous_4)
FNDA:1,(anonymous_5)
DA:5,1
DA:6,4
DA:7,3
DA:8,1
DA:10,3
DA:11,3
DA:12,2
DA:19,1
DA:28,6
DA:29,3
DA:33,1
DA:40,1
LF:12
LH:12
BRDA:11,0,0,2
BRDA:11,0,1,1
BRF:2
BRH:2
end_of_record
TN:
SF:src\components\CartInfo.js
FN:2,(anonymous_0)
FNF:1
FNH:1
FNDA:1,(anonymous_0)
DA:2,1
DA:3,1
LF:2
LH:2
BRDA:15,0,0,1
BRDA:15,0,1,0
BRF:2
BRH:1
end_of_record
TN:
SF:src\components\ContactUs.js
FN:16,(anonymous_0)
FN:19,(anonymous_1)
FN:24,(anonymous_2)
FNF:3
FNH:3
FNDA:1,(anonymous_0)
FNDA:1,(anonymous_1)
FNDA:1,(anonymous_2)
DA:17,1
DA:20,1
DA:25,1
LF:3
LH:3
BRF:0
BRH:0
end_of_record
TN:
SF:src\components\Header.js
FN:11,(anonymous_0)
FN:15,(anonymous_1)
FN:37,(anonymous_2)
FN:86,(anonymous_3)
FN:104,(anonymous_4)
FNF:5
FNH:3
FNDA:13,(anonymous_0)
FNDA:24,(anonymous_1)
FNDA:0,(anonymous_2)
FNDA:2,(anonymous_3)
FNDA:0,(anonymous_4)
DA:11,2
DA:12,13
DA:13,13
DA:14,13
DA:15,24
DA:16,13
DA:38,0
DA:87,2
DA:105,0
LF:9
LH:7
BRDA:32,0,0,13
BRDA:32,0,1,0
BRDA:87,1,0,1
BRDA:87,1,1,1
BRDA:97,2,0,1
BRDA:97,2,1,12
BRF:6
BRH:5
end_of_record
TN:
SF:src\components\ItemsList.js
FN:4,(anonymous_0)
FN:7,(anonymous_1)
FN:10,(anonymous_2)
FN:15,(anonymous_3)
FN:37,(anonymous_4)
FNF:5
FNH:4
FNDA:1,(anonymous_0)
FNDA:0,(anonymous_1)
FNDA:1,(anonymous_2)
FNDA:2,(anonymous_3)
FNDA:1,(anonymous_4)
DA:4,1
DA:5,1
DA:6,1
DA:7,1
DA:8,0
DA:10,1
DA:11,1
DA:13,1
DA:16,2
DA:37,1
LF:10
LH:9
BRDA:26,0,0,2
BRDA:26,0,1,0
BRF:2
BRH:1
end_of_record
TN:
SF:src\components\RestaurantCardInfo.js
FN:6,(anonymous_0)
FN:10,(anonymous_1)
FN:11,(anonymous_2)
FN:28,(anonymous_3)
FN:31,(anonymous_4)
FN:44,(anonymous_5)
FN:101,(anonymous_6)
FN:106,(anonymous_7)
FNF:8
FNH:8
FNDA:3,(anonymous_0)
FNDA:3,(anonymous_1)
FNDA:16,(anonymous_2)
FNDA:1,(anonymous_3)
FNDA:1,(anonymous_4)
FNDA:18,(anonymous_5)
FNDA:16,(anonymous_6)
FNDA:1,(anonymous_7)
DA:6,1
DA:7,3
DA:8,3
DA:9,3
DA:10,3
DA:11,16
DA:13,3
DA:26,3
DA:27,3
DA:28,3
DA:29,1
DA:31,3
DA:32,1
DA:36,1
DA:37,1
DA:38,1
DA:42,1
DA:45,18
DA:57,3
DA:102,16
DA:107,1
DA:108,0
DA:110,1
LF:23
LH:22
BRDA:107,0,0,0
BRDA:107,0,1,1
BRF:2
BRH:1
end_of_record
TN:
SF:src\components\RestaurantCards.js
FN:2,(anonymous_0)
FN:38,(anonymous_1)
FN:39,(anonymous_2)
FNF:3
FNH:3
FNDA:164,(anonymous_0)
FNDA:16,(anonymous_1)
FNDA:50,(anonymous_2)
DA:2,2
DA:3,164
DA:12,164
DA:13,164
DA:38,2
DA:39,16
DA:40,50
LF:7
LH:7
BRF:0
BRH:0
end_of_record
TN:
SF:src\components\RestaurantCategroie.js
FN:3,(anonymous_0)
FN:19,(anonymous_1)
FN:28,(anonymous_2)
FNF:3
FNH:2
FNDA:16,(anonymous_0)
FNDA:0,(anonymous_1)
FNDA:1,(anonymous_2)
DA:3,1
DA:4,16
DA:5,16
DA:20,0
DA:29,1
LF:5
LH:4
BRDA:16,0,0,1
BRDA:16,0,1,15
BRDA:38,1,0,1
BRDA:38,1,1,15
BRF:4
BRH:4
end_of_record
TN:
SF:src\components\RestaurantMenu.js
FN:3,(anonymous_0)
FN:17,(anonymous_1)
FN:18,(anonymous_2)
FNF:3
FNH:0
FNDA:0,(anonymous_0)
FNDA:0,(anonymous_1)
FNDA:0,(anonymous_2)
DA:3,1
DA:4,0
DA:5,0
DA:17,1
DA:18,0
DA:19,0
LF:6
LH:2
BRF:0
BRH:0
end_of_record
TN:
SF:src\components\Shimmer.js
FN:1,(anonymous_0)
FNF:1
FNH:1
FNDA:6,(anonymous_0)
DA:1,1
DA:2,6
LF:2
LH:2
BRF:0
BRH:0
end_of_record
TN:
SF:src\mocks\dummy.js
FNF:0
FNH:0
LF:0
LH:0
BRF:0
BRH:0
end_of_record
TN:
SF:src\utils\Context.js
FNF:0
FNH:0
DA:3,4
LF:1
LH:1
BRF:0
BRH:0
end_of_record
TN:
SF:src\utils\cartSlice.js
FN:9,(anonymous_0)
FN:12,(anonymous_1)
FN:15,(anonymous_2)
FNF:3
FNH:2
FNDA:1,(anonymous_0)
FNDA:0,(anonymous_1)
FNDA:1,(anonymous_2)
DA:3,5
DA:10,1
DA:13,0
DA:16,1
DA:22,5
LF:5
LH:4
BRF:0
BRH:0
end_of_record
TN:
SF:src\utils\constant.js
FNF:0
FNH:0
DA:2,4
DA:4,4
LF:2
LH:2
BRF:0
BRH:0
end_of_record
TN:
SF:src\utils\store.js
FNF:0
FNH:0
DA:3,5
LF:1
LH:1
BRF:0
BRH:0
end_of_record
TN:
SF:src\utils\useListOfCards.js
FN:3,(anonymous_0)
FN:5,(anonymous_1)
FN:8,(anonymous_2)
FNF:3
FNH:3
FNDA:15,(anonymous_0)
FNDA:6,(anonymous_1)
FNDA:6,(anonymous_2)
DA:3,1
DA:4,15
DA:5,15
DA:6,6
DA:8,15
DA:9,6
DA:12,6
DA:13,6
DA:17,15
LF:9
LH:9
BRF:0
BRH:0
end_of_record
TN:
SF:src\utils\useStatus.js
FN:2,(anonymous_0)
FN:4,(anonymous_1)
FN:5,(anonymous_2)
FN:8,(anonymous_3)
FN:11,(anonymous_4)
FNF:5
FNH:3
FNDA:13,(anonymous_0)
FNDA:9,(anonymous_1)
FNDA:0,(anonymous_2)
FNDA:0,(anonymous_3)
FNDA:9,(anonymous_4)
DA:2,2
DA:3,13
DA:4,13
DA:5,9
DA:6,0
DA:8,9
DA:9,0
DA:11,9
DA:12,9
DA:13,9
DA:16,13
LF:11
LH:9
BRF:0
BRH:0
end_of_record
TN:
SF:src\utils\usesearchListOfCards.js
FN:3,(anonymous_0)
FN:5,(anonymous_1)
FN:8,(anonymous_2)
FNF:3
FNH:0
FNDA:0,(anonymous_0)
FNDA:0,(anonymous_1)
FNDA:0,(anonymous_2)
DA:3,1
DA:4,0
DA:5,0
DA:6,0
DA:8,0
DA:9,0
DA:12,0
DA:13,0
DA:17,0
LF:9
LH:1
BRF:0
BRH:0
end_of_record
